* Starting client
* Connecting to master process on port 14741
* Analyzing classpath: 
  - /Users/tiagofraga/Desktop/Complementares/ATS/Trabalhos/Local/TP2/ats1819-projecto/out/production/ats1819-projecto
  - /Library/Java/JavaVirtualMachines/jdk1.8.0_131.jdk/Contents/Home/jre/lib/charsets.jar
  - /Library/Java/JavaVirtualMachines/jdk1.8.0_131.jdk/Contents/Home/jre/lib/deploy.jar
  - /Library/Java/JavaVirtualMachines/jdk1.8.0_131.jdk/Contents/Home/jre/lib/ext/cldrdata.jar
  - /Library/Java/JavaVirtualMachines/jdk1.8.0_131.jdk/Contents/Home/jre/lib/ext/dnsns.jar
  - /Library/Java/JavaVirtualMachines/jdk1.8.0_131.jdk/Contents/Home/jre/lib/ext/jaccess.jar
  - /Library/Java/JavaVirtualMachines/jdk1.8.0_131.jdk/Contents/Home/jre/lib/ext/jfxrt.jar
  - /Library/Java/JavaVirtualMachines/jdk1.8.0_131.jdk/Contents/Home/jre/lib/ext/localedata.jar
  - /Library/Java/JavaVirtualMachines/jdk1.8.0_131.jdk/Contents/Home/jre/lib/ext/nashorn.jar
  - /Library/Java/JavaVirtualMachines/jdk1.8.0_131.jdk/Contents/Home/jre/lib/ext/sunec.jar
  - /Library/Java/JavaVirtualMachines/jdk1.8.0_131.jdk/Contents/Home/jre/lib/ext/sunjce_provider.jar
  - /Library/Java/JavaVirtualMachines/jdk1.8.0_131.jdk/Contents/Home/jre/lib/ext/sunpkcs11.jar
  - /Library/Java/JavaVirtualMachines/jdk1.8.0_131.jdk/Contents/Home/jre/lib/ext/zipfs.jar
  - /Library/Java/JavaVirtualMachines/jdk1.8.0_131.jdk/Contents/Home/jre/lib/javaws.jar
  - /Library/Java/JavaVirtualMachines/jdk1.8.0_131.jdk/Contents/Home/jre/lib/jce.jar
  - /Library/Java/JavaVirtualMachines/jdk1.8.0_131.jdk/Contents/Home/jre/lib/jfr.jar
  - /Library/Java/JavaVirtualMachines/jdk1.8.0_131.jdk/Contents/Home/jre/lib/jfxswt.jar
  - /Library/Java/JavaVirtualMachines/jdk1.8.0_131.jdk/Contents/Home/jre/lib/jsse.jar
  - /Library/Java/JavaVirtualMachines/jdk1.8.0_131.jdk/Contents/Home/jre/lib/management-agent.jar
  - /Library/Java/JavaVirtualMachines/jdk1.8.0_131.jdk/Contents/Home/jre/lib/plugin.jar
  - /Library/Java/JavaVirtualMachines/jdk1.8.0_131.jdk/Contents/Home/jre/lib/resources.jar
  - /Library/Java/JavaVirtualMachines/jdk1.8.0_131.jdk/Contents/Home/jre/lib/rt.jar
  - /Library/Java/JavaVirtualMachines/jdk1.8.0_131.jdk/Contents/Home/lib/ant-javafx.jar
  - /Library/Java/JavaVirtualMachines/jdk1.8.0_131.jdk/Contents/Home/lib/dt.jar
  - /Library/Java/JavaVirtualMachines/jdk1.8.0_131.jdk/Contents/Home/lib/javafx-mx.jar
  - /Library/Java/JavaVirtualMachines/jdk1.8.0_131.jdk/Contents/Home/lib/jconsole.jar
  - /Library/Java/JavaVirtualMachines/jdk1.8.0_131.jdk/Contents/Home/lib/packager.jar
  - /Library/Java/JavaVirtualMachines/jdk1.8.0_131.jdk/Contents/Home/lib/sa-jdi.jar
  - /Library/Java/JavaVirtualMachines/jdk1.8.0_131.jdk/Contents/Home/lib/tools.jar
  - /Users/tiagofraga/Desktop/Complementares/ATS/Trabalhos/Local/TP2/ats1819-projecto/out/test/ats1819-projecto
  - /Users/tiagofraga/Desktop/Complementares/ATS/Trabalhos/Local/TP2/ats1819-projecto/out/production/ats1819-projecto
  - /Users/tiagofraga/Desktop/Complementares/ATS/Software/junit-4.10.jar
  - /Users/tiagofraga/.m2/repository/com/pholser/junit-quickcheck-core/0.8.1/junit-quickcheck-core-0.8.1.jar
  - /Users/tiagofraga/.m2/repository/junit/junit/4.12/junit-4.12.jar
  - /Users/tiagofraga/.m2/repository/org/hamcrest/hamcrest-core/1.3/hamcrest-core-1.3.jar
  - /Users/tiagofraga/.m2/repository/org/javaruntype/javaruntype/1.3/javaruntype-1.3.jar
  - /Users/tiagofraga/.m2/repository/org/antlr/antlr-runtime/3.1.2/antlr-runtime-3.1.2.jar
  - /Users/tiagofraga/.m2/repository/ognl/ognl/3.1.12/ognl-3.1.12.jar
  - /Users/tiagofraga/.m2/repository/org/javassist/javassist/3.20.0-GA/javassist-3.20.0-GA.jar
  - /Users/tiagofraga/.m2/repository/ru/vyarus/generics-resolver/2.0.1/generics-resolver-2.0.1.jar
  - /Users/tiagofraga/.m2/repository/org/slf4j/slf4j-api/1.7.25/slf4j-api-1.7.25.jar
  - /Users/tiagofraga/.m2/repository/com/pholser/junit-quickcheck-generators/0.8.1/junit-quickcheck-generators-0.8.1.jar
  - /Users/tiagofraga/.m2/repository/org/antlr/antlr-runtime/3.5.2/antlr-runtime-3.5.2.jar
  - /Users/tiagofraga/.m2/repository/org/antlr/antlr4-runtime/4.7.1/antlr4-runtime-4.7.1.jar
* Finished analyzing classpath
* Generating tests for class Company
* Test criteria:
  - Line Coverage
  - Branch Coverage
  - Exception
  - Mutation testing (weak)
  - Method-Output Coverage
  - Top-Level Method Coverage
  - No-Exception Top-Level Method Coverage
  - Context Branch Coverage
* Setting up search algorithm for whole suite generation
* Loaded 54 tests from /Users/tiagofraga/Desktop/Complementares/ATS/Trabalhos/Local/TP2/ats1819-projecto/.evosuite/evosuite-seeds/Company.seed
* Total number of test goals: 
  - Line 86
  - Branch 45
  - Exception 0
  - MutationFactory 74
  - Output 71
  - Method 23
  - MethodNoException 23
  - CBranchFitnessFactory 45
* Using seed 1542621275140
* Starting evolution
[MASTER] 09:54:51.517 [pool-2-thread-1] WARN  TimeController - Phase INITIALIZATION lasted too long, 11 seconds more than allowed.
[MASTER] 09:54:58.861 [pool-2-thread-1] WARN  TestChromosome - Functional mock problem: org.evosuite.ga.ConstructionFailedException: Failed to add constructor for Driver due to org.evosuite.ga.ConstructionFailedException: Max recursion depth reached
* Search finished after 31s and 101 generations, 68315 statements, best individual has fitness: 17.09090909090909
* Writing sequences to pool
* Minimizing test suite
[MASTER] 09:55:29.279 [pool-2-thread-1] WARN  TestSuiteMinimizer - Minimization timeout. Roll back to original test suite
* Going to analyze the coverage criteria
* Coverage analysis for criterion LINE
* Coverage of criterion LINE: 100%
* Total number of goals: 86
* Number of covered goals: 86
* Coverage analysis for criterion BRANCH
* Coverage of criterion BRANCH: 100%
* Total number of goals: 45
* Number of covered goals: 45
* Coverage analysis for criterion EXCEPTION
* Coverage of criterion EXCEPTION: 100%
* Total number of goals: 10
* Number of covered goals: 10
* Coverage analysis for criterion WEAKMUTATION
* Coverage of criterion WEAKMUTATION: 95%
* Total number of goals: 74
* Number of covered goals: 70
* Coverage analysis for criterion OUTPUT
* Coverage of criterion OUTPUT: 79%
* Total number of goals: 71
* Number of covered goals: 56
* Coverage analysis for criterion METHOD
* Coverage of criterion METHOD: 100%
* Total number of goals: 23
* Number of covered goals: 23
* Coverage analysis for criterion METHODNOEXCEPTION
* Coverage of criterion METHODNOEXCEPTION: 100%
* Total number of goals: 23
* Number of covered goals: 23
* Coverage analysis for criterion CBRANCH
* Coverage of criterion CBRANCH: 100%
* Total number of goals: 45
* Number of covered goals: 45
* Generated 53 tests with total length 718
* Resulting test suite's coverage: 97% (average coverage for all fitness functions)
* Generating assertions
[MASTER] 09:55:33.102 [pool-2-thread-1] WARN  SimpleMutationAssertionGenerator - Assertion minimization is taking too long (0.7332% of time used, but only 3/53 tests minimized), falling back to using all assertions
[MASTER] 09:55:34.446 [pool-2-thread-1] WARN  SimpleMutationAssertionGenerator - Reached maximum time to generate assertions, aborting assertion generation
* Resulting test suite's mutation score: 58%
* Compiling and checking tests
[MASTER] 09:55:34.548 [pool-2-thread-1] WARN  TimeController - Current phase JUNIT_CHECK could run up to 5s, but only 0s are left
[MASTER] 09:55:34.559 [pool-2-thread-1] WARN  TimeController - Current phase WRITING_TESTS could run up to 5s, but only 0s are left
* Writing JUnit test case 'Company_ESTest' to /Users/tiagofraga/Desktop/Complementares/ATS/Trabalhos/Local/TP2/ats1819-projecto/.evosuite/tmp_2018_11_19_09_51_18/tests
